<?xml version="1.0" encoding="utf-8" standalone="no"?>
<test-results xmlns:xsi="http://www.w3.org/2001/XMLSchema-instance" xsi:noNamespaceSchemaLocation="nunit_schema_2.5.xsd" name="Pester" total="26" errors="0" failures="0" not-run="0" inconclusive="0" ignored="1" skipped="0" invalid="0" date="2020-08-12" time="13:21:26">
  <environment clr-version="4.0.30319.42000" user-domain="TEMPLE-DU-POUF" cwd="C:\Github\selenium-powershell" platform="Microsoft Windows 10 Pro|C:\Windows|\Device\Harddisk2\Partition4" machine-name="TEMPLE-DU-POUF" nunit-version="2.5.8.0" os-version="10.0.18363" user="Mercier" />
  <culture-info current-culture="en-CA" current-uiculture="en-US" />
  <test-suite type="TestFixture" name="Pester" executed="True" result="Ignored" success="True" time="57.4437" asserts="0" description="Pester">
    <results>
      <test-suite type="TestFixture" name="C:\Github\selenium-powershell\Examples\Combined.tests.ps1" executed="True" result="Ignored" success="True" time="57.4437" asserts="0" description="C:\Github\selenium-powershell\Examples\Combined.tests.ps1">
        <results>
          <test-suite type="TestFixture" name="Testing the tailspin toys demo site at http://tailspin-spacegame-web.azurewebsites.net" executed="True" result="Success" success="True" time="11.2063" asserts="0" description="Testing the tailspin toys demo site at http://tailspin-spacegame-web.azurewebsites.net">
            <results>
              <test-suite type="TestFixture" name="in chrome 84.0.4147.105 on Win32NT with settings (State:Default)" executed="True" result="Success" success="True" time="6.6047" asserts="0" description="in chrome 84.0.4147.105 on Win32NT with settings (State:Default)">
                <results>
                  <test-suite type="ParameterizedTest" name="Testing the tailspin toys demo site at http://tailspin-spacegame-web.azurewebsites.net.in chrome 84.0.4147.105 on Win32NT with settings (State:Default).produced the right modal dialog for the &lt;name&gt;" executed="True" result="Success" success="True" time="6.5282" asserts="0" description="produced the right modal dialog for the &lt;name&gt;">
                    <results>
                      <test-case description="produced the right modal dialog for the Download Page" name="Testing the tailspin toys demo site at http://tailspin-spacegame-web.azurewebsites.net.in chrome 84.0.4147.105 on Win32NT with settings (State:Default).produced the right modal dialog for the Download Page" time="2.2019" asserts="0" success="True" result="Success" executed="True" />
                      <test-case description="produced the right modal dialog for the Screen Image" name="Testing the tailspin toys demo site at http://tailspin-spacegame-web.azurewebsites.net.in chrome 84.0.4147.105 on Win32NT with settings (State:Default).produced the right modal dialog for the Screen Image" time="2.1567" asserts="0" success="True" result="Success" executed="True" />
                      <test-case description="produced the right modal dialog for the Top Player" name="Testing the tailspin toys demo site at http://tailspin-spacegame-web.azurewebsites.net.in chrome 84.0.4147.105 on Win32NT with settings (State:Default).produced the right modal dialog for the Top Player" time="2.1696" asserts="0" success="True" result="Success" executed="True" />
                    </results>
                  </test-suite>
                </results>
              </test-suite>
            </results>
          </test-suite>
          <test-suite type="TestFixture" name="PsGallery Test" executed="True" result="Success" success="True" time="12.6406" asserts="0" description="PsGallery Test">
            <results>
              <test-suite type="TestFixture" name="in chrome 84.0.4147.105 on Win32NT with settings (State:Default)" executed="True" result="Success" success="True" time="12.5955" asserts="0" description="in chrome 84.0.4147.105 on Win32NT with settings (State:Default)">
                <results>
                  <test-case description="opened the browser, saving the webdriver in a global variable          " name="PsGallery Test.in chrome 84.0.4147.105 on Win32NT with settings (State:Default).opened the browser, saving the webdriver in a global variable          " time="0.0076" asserts="0" success="True" result="Success" executed="True" />
                  <test-case description="reached the right starting page                                        " name="PsGallery Test.in chrome 84.0.4147.105 on Win32NT with settings (State:Default).reached the right starting page                                        " time="0.5087" asserts="0" success="True" result="Success" executed="True" />
                  <test-case description="found the &quot;Sign in&quot; link on the home page by partial text              " name="PsGallery Test.in chrome 84.0.4147.105 on Win32NT with settings (State:Default).found the &quot;Sign in&quot; link on the home page by partial text              " time="0.0487" asserts="0" success="True" result="Success" executed="True" />
                  <test-case description="found the search box on the home page by ID                            " name="PsGallery Test.in chrome 84.0.4147.105 on Win32NT with settings (State:Default).found the search box on the home page by ID                            " time="0.0142" asserts="0" success="True" result="Success" executed="True" />
                  <test-case description="found the search box on the home page by Name                          " name="PsGallery Test.in chrome 84.0.4147.105 on Win32NT with settings (State:Default).found the search box on the home page by Name                          " time="0.015" asserts="0" success="True" result="Success" executed="True" />
                  <test-case description="found the search box on the home page by css selector                  " name="PsGallery Test.in chrome 84.0.4147.105 on Win32NT with settings (State:Default).found the search box on the home page by css selector                  " time="0.0187" asserts="0" success="True" result="Success" executed="True" />
                  <test-case description="found the search box on the home page by class name                    " name="PsGallery Test.in chrome 84.0.4147.105 on Win32NT with settings (State:Default).found the search box on the home page by class name                    " time="0.0142" asserts="0" success="True" result="Success" executed="True" />
                  <test-case description="found the search box on the home page by Tagname and typed in it       " name="PsGallery Test.in chrome 84.0.4147.105 on Win32NT with settings (State:Default).found the search box on the home page by Tagname and typed in it       " time="2.4476" asserts="0" success="True" result="Success" executed="True" />
                  <test-case description="searched successfully                                                  " name="PsGallery Test.in chrome 84.0.4147.105 on Win32NT with settings (State:Default).searched successfully                                                  " time="6.2389" asserts="0" success="True" result="Success" executed="True" />
                  <test-case description="opened the search result page and found the expected content           " name="PsGallery Test.in chrome 84.0.4147.105 on Win32NT with settings (State:Default).opened the search result page and found the expected content           " time="1.3119" asserts="0" success="True" result="Success" executed="True" />
                  <test-case description="went to Github from the project link on the search result              " name="PsGallery Test.in chrome 84.0.4147.105 on Win32NT with settings (State:Default).went to Github from the project link on the search result              " time="0.5652" asserts="0" success="True" result="Success" executed="True" />
                  <test-case description="navigated back to the start page and closed the browser                " name="PsGallery Test.in chrome 84.0.4147.105 on Win32NT with settings (State:Default).navigated back to the start page and closed the browser                " time="1.2254" asserts="0" success="True" result="Success" executed="True" />
                </results>
              </test-suite>
            </results>
          </test-suite>
          <test-suite type="TestFixture" name="Alerts and Selection boxes tests" executed="True" result="Ignored" success="True" time="18.8463" asserts="0" description="Alerts and Selection boxes tests">
            <results>
              <test-suite type="TestFixture" name="in chrome 84.0.4147.105 on Win32NT with settings (PrivateBrowsing:True; State:Default)" executed="True" result="Ignored" success="True" time="18.7904" asserts="0" description="in chrome 84.0.4147.105 on Win32NT with settings (PrivateBrowsing:True; State:Default)">
                <results>
                  <test-case description="re-opended the browser and validated &quot;InPrivate&quot; mode by window title  " name="Alerts and Selection boxes tests.in chrome 84.0.4147.105 on Win32NT with settings (PrivateBrowsing:True; State:Default).re-opended the browser and validated &quot;InPrivate&quot; mode by window title  " time="0" asserts="0" success="True" result="Ignored" executed="False" />
                  <test-case description="opened the right page                                                  " name="Alerts and Selection boxes tests.in chrome 84.0.4147.105 on Win32NT with settings (PrivateBrowsing:True; State:Default).opened the right page                                                  " time="0.5671" asserts="0" success="True" result="Success" executed="True" />
                  <test-case description="found and clicked a button in frame 1                                  " name="Alerts and Selection boxes tests.in chrome 84.0.4147.105 on Win32NT with settings (PrivateBrowsing:True; State:Default).found and clicked a button in frame 1                                  " time="0.2014" asserts="0" success="True" result="Success" executed="True" />
                  <test-case description="saw and dismissed an alert                                             " name="Alerts and Selection boxes tests.in chrome 84.0.4147.105 on Win32NT with settings (PrivateBrowsing:True; State:Default).saw and dismissed an alert                                             " time="1.0753" asserts="0" success="True" result="Success" executed="True" />
                  <test-case description="reselected the parent frame                                            " name="Alerts and Selection boxes tests.in chrome 84.0.4147.105 on Win32NT with settings (PrivateBrowsing:True; State:Default).reselected the parent frame                                            " time="0.404" asserts="0" success="True" result="Success" executed="True" />
                  <test-case description="navigated to a new page, and found the &quot;cars&quot; selection box in frame 1 " name="Alerts and Selection boxes tests.in chrome 84.0.4147.105 on Win32NT with settings (PrivateBrowsing:True; State:Default).navigated to a new page, and found the &quot;cars&quot; selection box in frame 1 " time="0.498" asserts="0" success="True" result="Success" executed="True" />
                  <test-case description="made selections from the &quot;cars&quot; selection box                          " name="Alerts and Selection boxes tests.in chrome 84.0.4147.105 on Win32NT with settings (PrivateBrowsing:True; State:Default).made selections from the &quot;cars&quot; selection box                          " time="10.2905" asserts="0" success="True" result="Success" executed="True" />
                  <test-case description="submitted the form and got the expected response                       " name="Alerts and Selection boxes tests.in chrome 84.0.4147.105 on Win32NT with settings (PrivateBrowsing:True; State:Default).submitted the form and got the expected response                       " time="5.2645" asserts="0" success="True" result="Success" executed="True" />
                  <test-case description="closed the in-private browser instance                                 " name="Alerts and Selection boxes tests.in chrome 84.0.4147.105 on Win32NT with settings (PrivateBrowsing:True; State:Default).closed the in-private browser instance                                 " time="0.3471" asserts="0" success="True" result="Success" executed="True" />
                </results>
              </test-suite>
            </results>
          </test-suite>
          <test-suite type="TestFixture" name="'Headless' mode browser test" executed="True" result="Success" success="True" time="2.7705" asserts="0" description="'Headless' mode browser test">
            <results>
              <test-suite type="TestFixture" name="in chrome 84.0.4147.105 on Win32NT with settings (State:Headless)" executed="True" result="Success" success="True" time="2.7001" asserts="0" description="in chrome 84.0.4147.105 on Win32NT with settings (State:Headless)">
                <results>
                  <test-case description="re-opened the Browser in &quot;Headless&quot; mode                               " name="'Headless' mode browser test.in chrome 84.0.4147.105 on Win32NT with settings (State:Headless).re-opened the Browser in &quot;Headless&quot; mode                               " time="0.3306" asserts="0" success="True" result="Success" executed="True" />
                  <test-case description="did a google Search                                                    " name="'Headless' mode browser test.in chrome 84.0.4147.105 on Win32NT with settings (State:Headless).did a google Search                                                    " time="2.1768" asserts="0" success="True" result="Success" executed="True" />
                  <test-case description="closed the browser a third time                                        " name="'Headless' mode browser test.in chrome 84.0.4147.105 on Win32NT with settings (State:Headless).closed the browser a third time                                        " time="0.1135" asserts="0" success="True" result="Success" executed="True" />
                </results>
              </test-suite>
            </results>
          </test-suite>
        </results>
      </test-suite>
    </results>
  </test-suite>
</test-results>