<?xml version="1.0" encoding="utf-8" standalone="no"?>
<test-results xmlns:xsi="http://www.w3.org/2001/XMLSchema-instance" xsi:noNamespaceSchemaLocation="nunit_schema_2.5.xsd" name="Pester" total="26" errors="0" failures="0" not-run="0" inconclusive="0" ignored="1" skipped="0" invalid="0" date="2020-08-12" time="13:22:34">
  <environment clr-version="4.0.30319.42000" user-domain="TEMPLE-DU-POUF" cwd="C:\Github\selenium-powershell" platform="Microsoft Windows 10 Pro|C:\Windows|\Device\Harddisk2\Partition4" machine-name="TEMPLE-DU-POUF" nunit-version="2.5.8.0" os-version="10.0.18363" user="Mercier" />
  <culture-info current-culture="en-CA" current-uiculture="en-US" />
  <test-suite type="TestFixture" name="Pester" executed="True" result="Ignored" success="True" time="67.5732" asserts="0" description="Pester">
    <results>
      <test-suite type="TestFixture" name="C:\Github\selenium-powershell\Examples\Combined.tests.ps1" executed="True" result="Ignored" success="True" time="67.5732" asserts="0" description="C:\Github\selenium-powershell\Examples\Combined.tests.ps1">
        <results>
          <test-suite type="TestFixture" name="Testing the tailspin toys demo site at http://tailspin-spacegame-web.azurewebsites.net" executed="True" result="Success" success="True" time="14.4401" asserts="0" description="Testing the tailspin toys demo site at http://tailspin-spacegame-web.azurewebsites.net">
            <results>
              <test-suite type="TestFixture" name="in firefox 79.0 on Win32NT with settings (State:Default)" executed="True" result="Success" success="True" time="7.6896" asserts="0" description="in firefox 79.0 on Win32NT with settings (State:Default)">
                <results>
                  <test-suite type="ParameterizedTest" name="Testing the tailspin toys demo site at http://tailspin-spacegame-web.azurewebsites.net.in firefox 79.0 on Win32NT with settings (State:Default).produced the right modal dialog for the &lt;name&gt;" executed="True" result="Success" success="True" time="7.61" asserts="0" description="produced the right modal dialog for the &lt;name&gt;">
                    <results>
                      <test-case description="produced the right modal dialog for the Download Page" name="Testing the tailspin toys demo site at http://tailspin-spacegame-web.azurewebsites.net.in firefox 79.0 on Win32NT with settings (State:Default).produced the right modal dialog for the Download Page" time="2.5785" asserts="0" success="True" result="Success" executed="True" />
                      <test-case description="produced the right modal dialog for the Screen Image" name="Testing the tailspin toys demo site at http://tailspin-spacegame-web.azurewebsites.net.in firefox 79.0 on Win32NT with settings (State:Default).produced the right modal dialog for the Screen Image" time="2.515" asserts="0" success="True" result="Success" executed="True" />
                      <test-case description="produced the right modal dialog for the Top Player" name="Testing the tailspin toys demo site at http://tailspin-spacegame-web.azurewebsites.net.in firefox 79.0 on Win32NT with settings (State:Default).produced the right modal dialog for the Top Player" time="2.5166" asserts="0" success="True" result="Success" executed="True" />
                    </results>
                  </test-suite>
                </results>
              </test-suite>
            </results>
          </test-suite>
          <test-suite type="TestFixture" name="PsGallery Test" executed="True" result="Success" success="True" time="13.4044" asserts="0" description="PsGallery Test">
            <results>
              <test-suite type="TestFixture" name="in firefox 79.0 on Win32NT with settings (State:Default)" executed="True" result="Success" success="True" time="13.3548" asserts="0" description="in firefox 79.0 on Win32NT with settings (State:Default)">
                <results>
                  <test-case description="opened the browser, saving the webdriver in a global variable          " name="PsGallery Test.in firefox 79.0 on Win32NT with settings (State:Default).opened the browser, saving the webdriver in a global variable          " time="0.0056" asserts="0" success="True" result="Success" executed="True" />
                  <test-case description="reached the right starting page                                        " name="PsGallery Test.in firefox 79.0 on Win32NT with settings (State:Default).reached the right starting page                                        " time="0.5024" asserts="0" success="True" result="Success" executed="True" />
                  <test-case description="found the &quot;Sign in&quot; link on the home page by partial text              " name="PsGallery Test.in firefox 79.0 on Win32NT with settings (State:Default).found the &quot;Sign in&quot; link on the home page by partial text              " time="0.1122" asserts="0" success="True" result="Success" executed="True" />
                  <test-case description="found the search box on the home page by ID                            " name="PsGallery Test.in firefox 79.0 on Win32NT with settings (State:Default).found the search box on the home page by ID                            " time="0.0045" asserts="0" success="True" result="Success" executed="True" />
                  <test-case description="found the search box on the home page by Name                          " name="PsGallery Test.in firefox 79.0 on Win32NT with settings (State:Default).found the search box on the home page by Name                          " time="0.0043" asserts="0" success="True" result="Success" executed="True" />
                  <test-case description="found the search box on the home page by css selector                  " name="PsGallery Test.in firefox 79.0 on Win32NT with settings (State:Default).found the search box on the home page by css selector                  " time="0.0069" asserts="0" success="True" result="Success" executed="True" />
                  <test-case description="found the search box on the home page by class name                    " name="PsGallery Test.in firefox 79.0 on Win32NT with settings (State:Default).found the search box on the home page by class name                    " time="0.0051" asserts="0" success="True" result="Success" executed="True" />
                  <test-case description="found the search box on the home page by Tagname and typed in it       " name="PsGallery Test.in firefox 79.0 on Win32NT with settings (State:Default).found the search box on the home page by Tagname and typed in it       " time="2.0683" asserts="0" success="True" result="Success" executed="True" />
                  <test-case description="searched successfully                                                  " name="PsGallery Test.in firefox 79.0 on Win32NT with settings (State:Default).searched successfully                                                  " time="6.7088" asserts="0" success="True" result="Success" executed="True" />
                  <test-case description="opened the search result page and found the expected content           " name="PsGallery Test.in firefox 79.0 on Win32NT with settings (State:Default).opened the search result page and found the expected content           " time="1.1574" asserts="0" success="True" result="Success" executed="True" />
                  <test-case description="went to Github from the project link on the search result              " name="PsGallery Test.in firefox 79.0 on Win32NT with settings (State:Default).went to Github from the project link on the search result              " time="0.5041" asserts="0" success="True" result="Success" executed="True" />
                  <test-case description="navigated back to the start page and closed the browser                " name="PsGallery Test.in firefox 79.0 on Win32NT with settings (State:Default).navigated back to the start page and closed the browser                " time="2.0752" asserts="0" success="True" result="Success" executed="True" />
                </results>
              </test-suite>
            </results>
          </test-suite>
          <test-suite type="TestFixture" name="Alerts and Selection boxes tests" executed="True" result="Ignored" success="True" time="18.9164" asserts="0" description="Alerts and Selection boxes tests">
            <results>
              <test-suite type="TestFixture" name="in firefox 79.0 on Win32NT with settings (PrivateBrowsing:True; State:Default)" executed="True" result="Ignored" success="True" time="18.8608" asserts="0" description="in firefox 79.0 on Win32NT with settings (PrivateBrowsing:True; State:Default)">
                <results>
                  <test-case description="re-opended the browser and validated &quot;InPrivate&quot; mode by window title  " name="Alerts and Selection boxes tests.in firefox 79.0 on Win32NT with settings (PrivateBrowsing:True; State:Default).re-opended the browser and validated &quot;InPrivate&quot; mode by window title  " time="0" asserts="0" success="True" result="Ignored" executed="False" />
                  <test-case description="opened the right page                                                  " name="Alerts and Selection boxes tests.in firefox 79.0 on Win32NT with settings (PrivateBrowsing:True; State:Default).opened the right page                                                  " time="0.5069" asserts="0" success="True" result="Success" executed="True" />
                  <test-case description="found and clicked a button in frame 1                                  " name="Alerts and Selection boxes tests.in firefox 79.0 on Win32NT with settings (PrivateBrowsing:True; State:Default).found and clicked a button in frame 1                                  " time="0.0859" asserts="0" success="True" result="Success" executed="True" />
                  <test-case description="saw and dismissed an alert                                             " name="Alerts and Selection boxes tests.in firefox 79.0 on Win32NT with settings (PrivateBrowsing:True; State:Default).saw and dismissed an alert                                             " time="1.0247" asserts="0" success="True" result="Success" executed="True" />
                  <test-case description="reselected the parent frame                                            " name="Alerts and Selection boxes tests.in firefox 79.0 on Win32NT with settings (PrivateBrowsing:True; State:Default).reselected the parent frame                                            " time="0.0355" asserts="0" success="True" result="Success" executed="True" />
                  <test-case description="navigated to a new page, and found the &quot;cars&quot; selection box in frame 1 " name="Alerts and Selection boxes tests.in firefox 79.0 on Win32NT with settings (PrivateBrowsing:True; State:Default).navigated to a new page, and found the &quot;cars&quot; selection box in frame 1 " time="0.441" asserts="0" success="True" result="Success" executed="True" />
                  <test-case description="made selections from the &quot;cars&quot; selection box                          " name="Alerts and Selection boxes tests.in firefox 79.0 on Win32NT with settings (PrivateBrowsing:True; State:Default).made selections from the &quot;cars&quot; selection box                          " time="10.779" asserts="0" success="True" result="Success" executed="True" />
                  <test-case description="submitted the form and got the expected response                       " name="Alerts and Selection boxes tests.in firefox 79.0 on Win32NT with settings (PrivateBrowsing:True; State:Default).submitted the form and got the expected response                       " time="5.1248" asserts="0" success="True" result="Success" executed="True" />
                  <test-case description="closed the in-private browser instance                                 " name="Alerts and Selection boxes tests.in firefox 79.0 on Win32NT with settings (PrivateBrowsing:True; State:Default).closed the in-private browser instance                                 " time="0.7414" asserts="0" success="True" result="Success" executed="True" />
                </results>
              </test-suite>
            </results>
          </test-suite>
          <test-suite type="TestFixture" name="'Headless' mode browser test" executed="True" result="Success" success="True" time="3.3565" asserts="0" description="'Headless' mode browser test">
            <results>
              <test-suite type="TestFixture" name="in firefox 79.0 on Win32NT with settings (State:Headless)" executed="True" result="Success" success="True" time="3.308" asserts="0" description="in firefox 79.0 on Win32NT with settings (State:Headless)">
                <results>
                  <test-case description="re-opened the Browser in &quot;Headless&quot; mode                               " name="'Headless' mode browser test.in firefox 79.0 on Win32NT with settings (State:Headless).re-opened the Browser in &quot;Headless&quot; mode                               " time="0.3337" asserts="0" success="True" result="Success" executed="True" />
                  <test-case description="did a google Search                                                    " name="'Headless' mode browser test.in firefox 79.0 on Win32NT with settings (State:Headless).did a google Search                                                    " time="1.8062" asserts="0" success="True" result="Success" executed="True" />
                  <test-case description="closed the browser a third time                                        " name="'Headless' mode browser test.in firefox 79.0 on Win32NT with settings (State:Headless).closed the browser a third time                                        " time="1.0822" asserts="0" success="True" result="Success" executed="True" />
                </results>
              </test-suite>
            </results>
          </test-suite>
        </results>
      </test-suite>
    </results>
  </test-suite>
</test-results>